#
# There is insufficient memory for the Java Runtime Environment to continue.
# Native memory allocation (malloc) failed to allocate 2097152 bytes for AllocateHeap
# Possible reasons:
#   The system is out of physical RAM or swap space
#   The process is running with CompressedOops enabled, and the Java Heap may be blocking the growth of the native heap
# Possible solutions:
#   Reduce memory load on the system
#   Increase physical memory or swap space
#   Check if swap backing store is full
#   Decrease Java heap size (-Xmx/-Xms)
#   Decrease number of Java threads
#   Decrease Java thread stack sizes (-Xss)
#   Set larger code cache with -XX:ReservedCodeCacheSize=
#   JVM is running with Unscaled Compressed Oops mode in which the Java heap is
#     placed in the first 4GB address space. The Java Heap base address is the
#     maximum limit for the native heap growth. Please use -XX:HeapBaseMinAddress
#     to set the Java Heap base and to place the Java Heap above 4GB virtual address.
# This output file may be truncated or incomplete.
#
#  Out of Memory Error (./src/hotspot/share/memory/allocation.cpp:46), pid=14652, tid=11924
#
# JRE version: OpenJDK Runtime Environment Temurin-11.0.14.1+1 (11.0.14.1+1) (build 11.0.14.1+1)
# Java VM: OpenJDK 64-Bit Server VM Temurin-11.0.14.1+1 (11.0.14.1+1, mixed mode, tiered, compressed oops, g1 gc, windows-amd64)
# No core dump will be written. Minidumps are not enabled by default on client versions of Windows
#

---------------  S U M M A R Y ------------

Command Line: -XX:MaxGCPauseMillis=50 -agentlib:jdwp=transport=dt_shmem,address=javadebug -Dfile.encoding=UTF-8 bluej.runtime.ExecServer UTF-8

Host: Intel(R) Core(TM) i3-10110U CPU @ 2.10GHz, 4 cores, 3G,  Windows 10 , 64 bit Build 19041 (10.0.19041.1741)
Time: Wed Oct 12 00:43:45 2022 US Mountain Standard Time elapsed time: 1205.710527 seconds (0d 0h 20m 5s)

---------------  T H R E A D  ---------------

Current thread (0x000002277cb18800):  VMThread "VM Thread" [stack: 0x0000002bfca00000,0x0000002bfcb00000] [id=11924]

Stack: [0x0000002bfca00000,0x0000002bfcb00000]
[error occurred during error reporting (printing stack bounds), id 0xc0000005, EXCEPTION_ACCESS_VIOLATION (0xc0000005) at pc=0x000002270866112d]

Native frames: (J=compiled Java code, j=interpreted, Vv=VM code, C=native code)
V  [jvm.dll+0x61e59a]
V  [jvm.dll+0x7aaca9]
V  [jvm.dll+0x7ac398]
V  [jvm.dll+0x7ac9d5]
V  [jvm.dll+0x7ac98b]
V  [jvm.dll+0x61d927]
V  [jvm.dll+0x61e038]
C  [ntdll.dll+0xa209f]
C  [ntdll.dll+0x51454]
C  [ntdll.dll+0xa0bce]
C  0x000002270866112d

VM_Operation (0x0000002bfecfec20): G1CollectFull, mode: safepoint, requested by thread 0x000002277e7df800


---------------  P R O C E S S  ---------------

Threads class SMR info:
_java_thread_list=0x000002277d6e1570, length=33, elements={
0x000002277cb1b000, 0x000002277cb24800, 0x000002277cb74800, 0x000002277cb76800,
0x000002277cb77800, 0x000002277cb7f000, 0x000002277cb83000, 0x000002277cb8e800,
0x000002277cded800, 0x000002277cdf9800, 0x000002277cdfd800, 0x000002277ce2d000,
0x000002277d1eb800, 0x000002277d419000, 0x000002277d409000, 0x000002277581d800,
0x000002277d393800, 0x000002277d628800, 0x000002277e66b000, 0x000002277d615000,
0x000002277e7dd800, 0x000002277e7de800, 0x000002277e7e0000, 0x000002277e7df800,
0x000002277e7e2000, 0x000002277eb64800, 0x000002271dd5e800, 0x000002271dd5f000,
0x000002271dd59800, 0x000002271dd60000, 0x000002271dd5a000, 0x000002277eb65000,
0x000002277eb6c800
}

Java Threads: ( => current thread )
  0x000002277cb1b000 JavaThread "Reference Handler" daemon [_thread_blocked, id=12528, stack(0x0000002bfcb00000,0x0000002bfcc00000)]
  0x000002277cb24800 JavaThread "Finalizer" daemon [_thread_blocked, id=7772, stack(0x0000002bfcc00000,0x0000002bfcd00000)]
  0x000002277cb74800 JavaThread "Signal Dispatcher" daemon [_thread_blocked, id=2628, stack(0x0000002bfcd00000,0x0000002bfce00000)]
  0x000002277cb76800 JavaThread "Attach Listener" daemon [_thread_blocked, id=1780, stack(0x0000002bfce00000,0x0000002bfcf00000)]
  0x000002277cb77800 JavaThread "Service Thread" daemon [_thread_blocked, id=13720, stack(0x0000002bfcf00000,0x0000002bfd000000)]
  0x000002277cb7f000 JavaThread "C2 CompilerThread0" daemon [_thread_blocked, id=5248, stack(0x0000002bfd000000,0x0000002bfd100000)]
  0x000002277cb83000 JavaThread "C1 CompilerThread0" daemon [_thread_blocked, id=640, stack(0x0000002bfd100000,0x0000002bfd200000)]
  0x000002277cb8e800 JavaThread "Sweeper thread" daemon [_thread_blocked, id=12884, stack(0x0000002bfd200000,0x0000002bfd300000)]
  0x000002277cded800 JavaThread "JDWP Transport Listener: dt_shmem" daemon [_thread_blocked, id=18736, stack(0x0000002bfd300000,0x0000002bfd400000)]
  0x000002277cdf9800 JavaThread "JDWP Event Helper Thread" daemon [_thread_blocked, id=18488, stack(0x0000002bfd400000,0x0000002bfd500000)]
  0x000002277cdfd800 JavaThread "JDWP Command Reader" daemon [_thread_in_native, id=6292, stack(0x0000002bfd500000,0x0000002bfd600000)]
  0x000002277ce2d000 JavaThread "Common-Cleaner" daemon [_thread_blocked, id=3920, stack(0x0000002bfd700000,0x0000002bfd800000)]
  0x000002277d1eb800 JavaThread "Java2D Disposer" daemon [_thread_blocked, id=12280, stack(0x0000002bfd900000,0x0000002bfda00000)]
  0x000002277d419000 JavaThread "AWT-Windows" daemon [_thread_in_native, id=12432, stack(0x0000002bfdb00000,0x0000002bfdc00000)]
  0x000002277d409000 JavaThread "BlueJ worker thread" [_thread_blocked, id=16244, stack(0x0000002bfdd00000,0x0000002bfde00000)]
  0x000002277581d800 JavaThread "DestroyJavaVM" [_thread_blocked, id=18732, stack(0x0000002bfc400000,0x0000002bfc500000)]
  0x000002277d393800 JavaThread "main" [_thread_blocked, id=14728, stack(0x0000002bfdf00000,0x0000002bfe000000)]
  0x000002277d628800 JavaThread "QuantumRenderer-0" daemon [_thread_blocked, id=1012, stack(0x0000002bfe200000,0x0000002bfe300000)]
  0x000002277e66b000 JavaThread "InvokeLaterDispatcher" daemon [_thread_blocked, id=8484, stack(0x0000002bfe300000,0x0000002bfe400000)]
  0x000002277d615000 JavaThread "JavaFX Application Thread" [_thread_in_native, id=9324, stack(0x0000002bfe400000,0x0000002bfe500000)]
  0x000002277e7dd800 JavaThread "VMCommsSimulation" [_thread_in_native, id=8780, stack(0x0000002bfdc00000,0x0000002bfdd00000)]
  0x000002277e7de800 JavaThread "Thread-2" daemon [_thread_blocked, id=5980, stack(0x0000002bfe800000,0x0000002bfe900000)]
  0x000002277e7e0000 JavaThread "Clip process" daemon [_thread_blocked, id=2428, stack(0x0000002bfeb00000,0x0000002bfec00000)]
  0x000002277e7df800 JavaThread "SimulationThread" [_thread_blocked, id=11992, stack(0x0000002bfec00000,0x0000002bfed00000)]
  0x000002277e7e2000 JavaThread "Java Sound Event Dispatcher" daemon [_thread_blocked, id=17856, stack(0x0000002bfc200000,0x0000002bfc300000)]
  0x000002277eb64800 JavaThread "Clip closer" daemon [_thread_blocked, id=18612, stack(0x0000002bfda00000,0x0000002bfdb00000)]
  0x000002271dd5e800 JavaThread "SoundStream:file:/C:/Users/Lenovo/Documents/Tugas%20Kuliah%20Semester%203/Pemrograman%20Berorientasi%20Obyek/OOP%20OA/Project%20Greenfoot/Tugas/TugasPert3_Alien/sounds/rocket_launch.mp3" [_thread_blocked, id=16408, stack(0x0000002b81100000,0x0000002b81200000)]
  0x000002271dd5f000 JavaThread "SoundStream:file:/C:/Users/Lenovo/Documents/Tugas%20Kuliah%20Semester%203/Pemrograman%20Berorientasi%20Obyek/OOP%20OA/Project%20Greenfoot/Tugas/TugasPert3_Alien/sounds/rocket_launch.mp3" [_thread_blocked, id=5020, stack(0x0000002b81200000,0x0000002b81300000)]
  0x000002271dd59800 JavaThread "SoundStream:file:/C:/Users/Lenovo/Documents/Tugas%20Kuliah%20Semester%203/Pemrograman%20Berorientasi%20Obyek/OOP%20OA/Project%20Greenfoot/Tugas/TugasPert3_Alien/sounds/rocket_launch.mp3" [_thread_blocked, id=9932, stack(0x0000002b81300000,0x0000002b81400000)]
  0x000002271dd60000 JavaThread "SoundStream:file:/C:/Users/Lenovo/Documents/Tugas%20Kuliah%20Semester%203/Pemrograman%20Berorientasi%20Obyek/OOP%20OA/Project%20Greenfoot/Tugas/TugasPert3_Alien/sounds/rocket_launch.mp3" [_thread_blocked, id=18216, stack(0x0000002b81400000,0x0000002b81500000)]
  0x000002271dd5a000 JavaThread "SoundStream:file:/C:/Users/Lenovo/Documents/Tugas%20Kuliah%20Semester%203/Pemrograman%20Berorientasi%20Obyek/OOP%20OA/Project%20Greenfoot/Tugas/TugasPert3_Alien/sounds/rocket_launch.mp3" [_thread_blocked, id=12816, stack(0x0000002b81500000,0x0000002b81600000)]
  0x000002277eb65000 JavaThread "SoundStream:file:/C:/Users/Lenovo/Documents/Tugas%20Kuliah%20Semester%203/Pemrograman%20Berorientasi%20Obyek/OOP%20OA/Project%20Greenfoot/Tugas/TugasPert3_Alien/sounds/rocket_launch.mp3" [_thread_blocked, id=7928, stack(0x0000002b81600000,0x0000002b81700000)]
  0x000002277eb6c800 JavaThread "SoundStream:file:/C:/Users/Lenovo/Documents/Tugas%20Kuliah%20Semester%203/Pemrograman%20Berorientasi%20Obyek/OOP%20OA/Project%20Greenfoot/Tugas/TugasPert3_Alien/sounds/rocket_launch.mp3" [_thread_blocked, id=17144, stack(0x0000002b81700000,0x0000002b81800000)]

Other Threads:
=>0x000002277cb18800 VMThread "VM Thread" [stack: 0x0000002bfca00000,0x0000002bfcb00000] [id=11924]
  0x000002277ce16000 WatcherThread [stack: 0x0000002bfd600000,0x0000002bfd700000] [id=14088]
  0x0000022777924800 GCTaskThread "GC Thread#0" [stack: 0x0000002bfc500000,0x0000002bfc600000] [id=8796]
  0x000002277d1df800 GCTaskThread "GC Thread#1" [stack: 0x0000002bfd800000,0x0000002bfd900000] [id=16984]
  0x000002277e1ac800 GCTaskThread "GC Thread#2" [stack: 0x0000002bfde00000,0x0000002bfdf00000] [id=11980]
  0x000002277e1ad800 GCTaskThread "GC Thread#3" [stack: 0x0000002bfe000000,0x0000002bfe100000] [id=8544]
  0x0000022777940000 ConcurrentGCThread "G1 Main Marker" [stack: 0x0000002bfc600000,0x0000002bfc700000] [id=2988]
  0x0000022777942800 ConcurrentGCThread "G1 Conc#0" [stack: 0x0000002bfc700000,0x0000002bfc800000] [id=768]
  0x000002277798a800 ConcurrentGCThread "G1 Refine#0" [stack: 0x0000002bfc800000,0x0000002bfc900000] [id=19140]
  0x000002277798c800 ConcurrentGCThread "G1 Young RemSet Sampling" [stack: 0x0000002bfc900000,0x0000002bfca00000] [id=3784]

Threads with active compile tasks:

VM state:at safepoint (normal execution)

VM Mutex/Monitor currently owned by a thread:  ([mutex/lock_event])
[0x000002277790e2d0] Threads_lock - owner thread: 0x000002277cb18800
[0x000002277790ce90] Heap_lock - owner thread: 0x000002277e7df800

Heap address: 0x00000000c2800000, size: 984 MB, Compressed Oops mode: 32-bit
Narrow klass base: 0x0000000000000000, Narrow klass shift: 3
Compressed class space size: 1073741824 Address: 0x0000000100000000

Heap:
 garbage-first heap   total 116736K, used 30760K [0x00000000c2800000, 0x0000000100000000)
  region size 1024K, 2 young (2048K), 1 survivors (1024K)
 Metaspace       used 19317K, capacity 20074K, committed 21248K, reserved 1069056K
  class space    used 1766K, capacity 1907K, committed 2304K, reserved 1048576K
Heap Regions: E=young(eden), S=young(survivor), O=old, HS=humongous(starts), HC=humongous(continues), CS=collection set, F=free, A=archive, TAMS=top-at-mark-start (previous, next)
|   0|0x00000000c2800000, 0x00000000c28ffff8, 0x00000000c2900000| 99%| O|  |TAMS 0x00000000c28ffff8, 0x00000000c2800000| Untracked 
|   1|0x00000000c2900000, 0x00000000c2a00000, 0x00000000c2a00000|100%| O|  |TAMS 0x00000000c2a00000, 0x00000000c2900000| Untracked 
|   2|0x00000000c2a00000, 0x00000000c2b00000, 0x00000000c2b00000|100%| O|  |TAMS 0x00000000c2b00000, 0x00000000c2a00000| Untracked 
|   3|0x00000000c2b00000, 0x00000000c2bfd730, 0x00000000c2c00000| 99%| O|  |TAMS 0x00000000c2bfd730, 0x00000000c2b00000| Untracked 
|   4|0x00000000c2c00000, 0x00000000c2cffff0, 0x00000000c2d00000| 99%| O|  |TAMS 0x00000000c2cffff0, 0x00000000c2c00000| Untracked 
|   5|0x00000000c2d00000, 0x00000000c2df1b48, 0x00000000c2e00000| 94%| O|  |TAMS 0x00000000c2df1b48, 0x00000000c2d00000| Untracked 
|   6|0x00000000c2e00000, 0x00000000c2f00000, 0x00000000c2f00000|100%|HS|  |TAMS 0x00000000c2f00000, 0x00000000c2e00000| Complete 
|   7|0x00000000c2f00000, 0x00000000c3000000, 0x00000000c3000000|100%|HS|  |TAMS 0x00000000c3000000, 0x00000000c2f00000| Complete 
|   8|0x00000000c3000000, 0x00000000c3029d20, 0x00000000c3100000| 16%| O|  |TAMS 0x00000000c3029d20, 0x00000000c3000000| Untracked 
|   9|0x00000000c3100000, 0x00000000c3200000, 0x00000000c3200000|100%|HS|  |TAMS 0x00000000c3200000, 0x00000000c3100000| Complete 
|  10|0x00000000c3200000, 0x00000000c3300000, 0x00000000c3300000|100%|HS|  |TAMS 0x00000000c3300000, 0x00000000c3200000| Complete 
|  11|0x00000000c3300000, 0x00000000c3400000, 0x00000000c3400000|100%|HS|  |TAMS 0x00000000c3400000, 0x00000000c3300000| Complete 
|  12|0x00000000c3400000, 0x00000000c3500000, 0x00000000c3500000|100%|HS|  |TAMS 0x00000000c3500000, 0x00000000c3400000| Complete 
|  13|0x00000000c3500000, 0x00000000c3600000, 0x00000000c3600000|100%|HS|  |TAMS 0x00000000c3600000, 0x00000000c3500000| Complete 
|  14|0x00000000c3600000, 0x00000000c3700000, 0x00000000c3700000|100%|HS|  |TAMS 0x00000000c3700000, 0x00000000c3600000| Complete 
|  15|0x00000000c3700000, 0x00000000c3800000, 0x00000000c3800000|100%|HS|  |TAMS 0x00000000c3800000, 0x00000000c3700000| Complete 
|  16|0x00000000c3800000, 0x00000000c3900000, 0x00000000c3900000|100%|HS|  |TAMS 0x00000000c3900000, 0x00000000c3800000| Complete 
|  17|0x00000000c3900000, 0x00000000c3a00000, 0x00000000c3a00000|100%|HS|  |TAMS 0x00000000c3a00000, 0x00000000c3900000| Complete 
|  18|0x00000000c3a00000, 0x00000000c3b00000, 0x00000000c3b00000|100%|HS|  |TAMS 0x00000000c3b00000, 0x00000000c3a00000| Complete 
|  19|0x00000000c3b00000, 0x00000000c3c00000, 0x00000000c3c00000|100%|HS|  |TAMS 0x00000000c3c00000, 0x00000000c3b00000| Complete 
|  20|0x00000000c3c00000, 0x00000000c3d00000, 0x00000000c3d00000|100%|HS|  |TAMS 0x00000000c3c00000, 0x00000000c3c00000| Complete 
|  21|0x00000000c3d00000, 0x00000000c3e00000, 0x00000000c3e00000|100%|HS|  |TAMS 0x00000000c3d00000, 0x00000000c3d00000| Complete 
|  22|0x00000000c3e00000, 0x00000000c3f00000, 0x00000000c3f00000|100%|HS|  |TAMS 0x00000000c3e00000, 0x00000000c3e00000| Complete 
|  23|0x00000000c3f00000, 0x00000000c4000000, 0x00000000c4000000|100%|HS|  |TAMS 0x00000000c3f00000, 0x00000000c3f00000| Complete 
|  24|0x00000000c4000000, 0x00000000c4100000, 0x00000000c4100000|100%|HS|  |TAMS 0x00000000c4000000, 0x00000000c4000000| Complete 
|  25|0x00000000c4100000, 0x00000000c4200000, 0x00000000c4200000|100%|HS|  |TAMS 0x00000000c4100000, 0x00000000c4100000| Complete 
|  26|0x00000000c4200000, 0x00000000c4200000, 0x00000000c4300000|  0%| F|  |TAMS 0x00000000c4200000, 0x00000000c4200000| Untracked 
|  27|0x00000000c4300000, 0x00000000c4300000, 0x00000000c4400000|  0%| F|  |TAMS 0x00000000c4300000, 0x00000000c4300000| Untracked 
|  28|0x00000000c4400000, 0x00000000c4400000, 0x00000000c4500000|  0%| F|  |TAMS 0x00000000c4400000, 0x00000000c4400000| Untracked 
|  29|0x00000000c4500000, 0x00000000c4500000, 0x00000000c4600000|  0%| F|  |TAMS 0x00000000c4500000, 0x00000000c4500000| Untracked 
|  30|0x00000000c4600000, 0x00000000c4600000, 0x00000000c4700000|  0%| F|  |TAMS 0x00000000c4600000, 0x00000000c4600000| Untracked 
|  31|0x00000000c4700000, 0x00000000c4700000, 0x00000000c4800000|  0%| F|  |TAMS 0x00000000c4700000, 0x00000000c4700000| Untracked 
|  32|0x00000000c4800000, 0x00000000c4800000, 0x00000000c4900000|  0%| F|  |TAMS 0x00000000c4800000, 0x00000000c4800000| Untracked 
|  33|0x00000000c4900000, 0x00000000c4900000, 0x00000000c4a00000|  0%| F|  |TAMS 0x00000000c4900000, 0x00000000c4900000| Untracked 
|  34|0x00000000c4a00000, 0x00000000c4a00000, 0x00000000c4b00000|  0%| F|  |TAMS 0x00000000c4a00000, 0x00000000c4a00000| Untracked 
|  35|0x00000000c4b00000, 0x00000000c4b00000, 0x00000000c4c00000|  0%| F|  |TAMS 0x00000000c4b00000, 0x00000000c4b00000| Untracked 
|  36|0x00000000c4c00000, 0x00000000c4c00000, 0x00000000c4d00000|  0%| F|  |TAMS 0x00000000c4c00000, 0x00000000c4c00000| Untracked 
|  37|0x00000000c4d00000, 0x00000000c4d00000, 0x00000000c4e00000|  0%| F|  |TAMS 0x00000000c4d00000, 0x00000000c4d00000| Untracked 
|  38|0x00000000c4e00000, 0x00000000c4f00000, 0x00000000c4f00000|100%| O|  |TAMS 0x00000000c4f00000, 0x00000000c4e00000| Untracked 
|  39|0x00000000c4f00000, 0x00000000c4f00000, 0x00000000c5000000|  0%| F|  |TAMS 0x00000000c4f00000, 0x00000000c4f00000| Untracked 
|  40|0x00000000c5000000, 0x00000000c5000000, 0x00000000c5100000|  0%| F|  |TAMS 0x00000000c5000000, 0x00000000c5000000| Untracked 
|  41|0x00000000c5100000, 0x00000000c5100000, 0x00000000c5200000|  0%| F|  |TAMS 0x00000000c5100000, 0x00000000c5100000| Untracked 
|  42|0x00000000c5200000, 0x00000000c5200000, 0x00000000c5300000|  0%| F|  |TAMS 0x00000000c5200000, 0x00000000c5200000| Untracked 
|  43|0x00000000c5300000, 0x00000000c5300000, 0x00000000c5400000|  0%| F|  |TAMS 0x00000000c5300000, 0x00000000c5300000| Untracked 
|  44|0x00000000c5400000, 0x00000000c5400000, 0x00000000c5500000|  0%| F|  |TAMS 0x00000000c5400000, 0x00000000c5400000| Untracked 
|  45|0x00000000c5500000, 0x00000000c5500000, 0x00000000c5600000|  0%| F|  |TAMS 0x00000000c5500000, 0x00000000c5500000| Untracked 
|  46|0x00000000c5600000, 0x00000000c5600000, 0x00000000c5700000|  0%| F|  |TAMS 0x00000000c5600000, 0x00000000c5600000| Untracked 
|  47|0x00000000c5700000, 0x00000000c5700000, 0x00000000c5800000|  0%| F|  |TAMS 0x00000000c5700000, 0x00000000c5700000| Untracked 
|  48|0x00000000c5800000, 0x00000000c58efa00, 0x00000000c5900000| 93%| O|  |TAMS 0x00000000c58efa00, 0x00000000c5800000| Untracked 
|  49|0x00000000c5900000, 0x00000000c5900000, 0x00000000c5a00000|  0%| F|  |TAMS 0x00000000c5900000, 0x00000000c5900000| Untracked 
|  50|0x00000000c5a00000, 0x00000000c5a00000, 0x00000000c5b00000|  0%| F|  |TAMS 0x00000000c5a00000, 0x00000000c5a00000| Untracked 
|  51|0x00000000c5b00000, 0x00000000c5c00000, 0x00000000c5c00000|100%| O|  |TAMS 0x00000000c5c00000, 0x00000000c5b00000| Untracked 
|  52|0x00000000c5c00000, 0x00000000c5d00000, 0x00000000c5d00000|100%| O|  |TAMS 0x00000000c5d00000, 0x00000000c5c00000| Untracked 
|  53|0x00000000c5d00000, 0x00000000c5d00000, 0x00000000c5e00000|  0%| F|  |TAMS 0x00000000c5d00000, 0x00000000c5d00000| Untracked 
|  54|0x00000000c5e00000, 0x00000000c5f00000, 0x00000000c5f00000|100%| O|  |TAMS 0x00000000c5f00000, 0x00000000c5e00000| Untracked 
|  55|0x00000000c5f00000, 0x00000000c5f00000, 0x00000000c6000000|  0%| F|  |TAMS 0x00000000c5f00000, 0x00000000c5f00000| Untracked 
|  56|0x00000000c6000000, 0x00000000c6000000, 0x00000000c6100000|  0%| F|  |TAMS 0x00000000c6000000, 0x00000000c6000000| Untracked 
|  57|0x00000000c6100000, 0x00000000c6100000, 0x00000000c6200000|  0%| F|  |TAMS 0x00000000c6100000, 0x00000000c6100000| Untracked 
|  58|0x00000000c6200000, 0x00000000c6200000, 0x00000000c6300000|  0%| F|  |TAMS 0x00000000c6200000, 0x00000000c6200000| Untracked 
|  59|0x00000000c6300000, 0x00000000c6300000, 0x00000000c6400000|  0%| F|  |TAMS 0x00000000c6300000, 0x00000000c6300000| Untracked 
|  60|0x00000000c6400000, 0x00000000c6400000, 0x00000000c6500000|  0%| F|  |TAMS 0x00000000c6400000, 0x00000000c6400000| Untracked 
|  61|0x00000000c6500000, 0x00000000c6500000, 0x00000000c6600000|  0%| F|  |TAMS 0x00000000c6500000, 0x00000000c6500000| Untracked 
|  62|0x00000000c6600000, 0x00000000c6600000, 0x00000000c6700000|  0%| F|  |TAMS 0x00000000c6600000, 0x00000000c6600000| Untracked 
|  63|0x00000000c6700000, 0x00000000c6700000, 0x00000000c6800000|  0%| F|  |TAMS 0x00000000c6700000, 0x00000000c6700000| Untracked 
|  64|0x00000000c6800000, 0x00000000c6800000, 0x00000000c6900000|  0%| F|  |TAMS 0x00000000c6800000, 0x00000000c6800000| Untracked 
|  65|0x00000000c6900000, 0x00000000c6900000, 0x00000000c6a00000|  0%| F|  |TAMS 0x00000000c6900000, 0x00000000c6900000| Untracked 
|  66|0x00000000c6a00000, 0x00000000c6a00000, 0x00000000c6b00000|  0%| F|  |TAMS 0x00000000c6a00000, 0x00000000c6a00000| Untracked 
|  67|0x00000000c6b00000, 0x00000000c6b00000, 0x00000000c6c00000|  0%| F|  |TAMS 0x00000000c6b00000, 0x00000000c6b00000| Untracked 
|  68|0x00000000c6c00000, 0x00000000c6c00000, 0x00000000c6d00000|  0%| F|  |TAMS 0x00000000c6c00000, 0x00000000c6c00000| Untracked 
|  69|0x00000000c6d00000, 0x00000000c6d00000, 0x00000000c6e00000|  0%| F|  |TAMS 0x00000000c6d00000, 0x00000000c6d00000| Untracked 
|  70|0x00000000c6e00000, 0x00000000c6e00000, 0x00000000c6f00000|  0%| F|  |TAMS 0x00000000c6e00000, 0x00000000c6e00000| Untracked 
|  71|0x00000000c6f00000, 0x00000000c6f00000, 0x00000000c7000000|  0%| F|  |TAMS 0x00000000c6f00000, 0x00000000c6f00000| Untracked 
|  72|0x00000000c7000000, 0x00000000c7000000, 0x00000000c7100000|  0%| F|  |TAMS 0x00000000c7000000, 0x00000000c7000000| Untracked 
|  73|0x00000000c7100000, 0x00000000c7100000, 0x00000000c7200000|  0%| F|  |TAMS 0x00000000c7100000, 0x00000000c7100000| Untracked 
|  74|0x00000000c7200000, 0x00000000c7200000, 0x00000000c7300000|  0%| F|  |TAMS 0x00000000c7200000, 0x00000000c7200000| Untracked 
|  75|0x00000000c7300000, 0x00000000c7300000, 0x00000000c7400000|  0%| F|  |TAMS 0x00000000c7300000, 0x00000000c7300000| Untracked 
|  76|0x00000000c7400000, 0x00000000c7400000, 0x00000000c7500000|  0%| F|  |TAMS 0x00000000c7400000, 0x00000000c7400000| Untracked 
|  77|0x00000000c7500000, 0x00000000c7500000, 0x00000000c7600000|  0%| F|  |TAMS 0x00000000c7500000, 0x00000000c7500000| Untracked 
|  78|0x00000000c7600000, 0x00000000c7600000, 0x00000000c7700000|  0%| F|  |TAMS 0x00000000c7600000, 0x00000000c7600000| Untracked 
|  79|0x00000000c7700000, 0x00000000c7700000, 0x00000000c7800000|  0%| F|  |TAMS 0x00000000c7700000, 0x00000000c7700000| Untracked 
|  80|0x00000000c7800000, 0x00000000c7800000, 0x00000000c7900000|  0%| F|  |TAMS 0x00000000c7800000, 0x00000000c7800000| Untracked 
|  81|0x00000000c7900000, 0x00000000c7900000, 0x00000000c7a00000|  0%| F|  |TAMS 0x00000000c7900000, 0x00000000c7900000| Untracked 
|  82|0x00000000c7a00000, 0x00000000c7a00000, 0x00000000c7b00000|  0%| F|  |TAMS 0x00000000c7a00000, 0x00000000c7a00000| Untracked 
|  83|0x00000000c7b00000, 0x00000000c7b00000, 0x00000000c7c00000|  0%| F|  |TAMS 0x00000000c7b00000, 0x00000000c7b00000| Untracked 
|  84|0x00000000c7c00000, 0x00000000c7c00000, 0x00000000c7d00000|  0%| F|  |TAMS 0x00000000c7c00000, 0x00000000c7c00000| Untracked 
|  85|0x00000000c7d00000, 0x00000000c7d00000, 0x00000000c7e00000|  0%| F|  |TAMS 0x00000000c7d00000, 0x00000000c7d00000| Untracked 
|  86|0x00000000c7e00000, 0x00000000c7e00000, 0x00000000c7f00000|  0%| F|  |TAMS 0x00000000c7e00000, 0x00000000c7e00000| Untracked 
|  87|0x00000000c7f00000, 0x00000000c7f00000, 0x00000000c8000000|  0%| F|  |TAMS 0x00000000c7f00000, 0x00000000c7f00000| Untracked 
|  88|0x00000000c8000000, 0x00000000c8000000, 0x00000000c8100000|  0%| F|  |TAMS 0x00000000c8000000, 0x00000000c8000000| Untracked 
|  89|0x00000000c8100000, 0x00000000c8100000, 0x00000000c8200000|  0%| F|  |TAMS 0x00000000c8100000, 0x00000000c8100000| Untracked 
|  90|0x00000000c8200000, 0x00000000c8200000, 0x00000000c8300000|  0%| F|  |TAMS 0x00000000c8200000, 0x00000000c8200000| Untracked 
|  91|0x00000000c8300000, 0x00000000c8300000, 0x00000000c8400000|  0%| F|  |TAMS 0x00000000c8300000, 0x00000000c8300000| Untracked 
|  92|0x00000000c8400000, 0x00000000c8400000, 0x00000000c8500000|  0%| F|  |TAMS 0x00000000c8400000, 0x00000000c8400000| Untracked 
|  93|0x00000000c8500000, 0x00000000c8500000, 0x00000000c8600000|  0%| F|  |TAMS 0x00000000c8500000, 0x00000000c8500000| Untracked 
|  94|0x00000000c8600000, 0x00000000c8600000, 0x00000000c8700000|  0%| F|  |TAMS 0x00000000c8600000, 0x00000000c8600000| Untracked 
|  95|0x00000000c8700000, 0x00000000c8700000, 0x00000000c8800000|  0%| F|  |TAMS 0x00000000c8700000, 0x00000000c8700000| Untracked 
|  96|0x00000000c8800000, 0x00000000c8800000, 0x00000000c8900000|  0%| F|  |TAMS 0x00000000c8800000, 0x00000000c8800000| Untracked 
|  97|0x00000000c8900000, 0x00000000c8900000, 0x00000000c8a00000|  0%| F|  |TAMS 0x00000000c8900000, 0x00000000c8900000| Untracked 
|  98|0x00000000c8a00000, 0x00000000c8a00000, 0x00000000c8b00000|  0%| F|  |TAMS 0x00000000c8a00000, 0x00000000c8a00000| Untracked 
|  99|0x00000000c8b00000, 0x00000000c8b00000, 0x00000000c8c00000|  0%| F|  |TAMS 0x00000000c8b00000, 0x00000000c8b00000| Untracked 
| 100|0x00000000c8c00000, 0x00000000c8c00000, 0x00000000c8d00000|  0%| F|  |TAMS 0x00000000c8c00000, 0x00000000c8c00000| Untracked 
| 101|0x00000000c8d00000, 0x00000000c8d00000, 0x00000000c8e00000|  0%| F|  |TAMS 0x00000000c8d00000, 0x00000000c8d00000| Untracked 
| 102|0x00000000c8e00000, 0x00000000c8e00000, 0x00000000c8f00000|  0%| F|  |TAMS 0x00000000c8e00000, 0x00000000c8e00000| Untracked 
| 103|0x00000000c8f00000, 0x00000000c8f00000, 0x00000000c9000000|  0%| F|  |TAMS 0x00000000c8f00000, 0x00000000c8f00000| Untracked 
| 104|0x00000000c9000000, 0x00000000c9000000, 0x00000000c9100000|  0%| F|  |TAMS 0x00000000c9000000, 0x00000000c9000000| Untracked 
| 105|0x00000000c9100000, 0x00000000c9100000, 0x00000000c9200000|  0%| F|  |TAMS 0x00000000c9100000, 0x00000000c9100000| Untracked 
| 106|0x00000000c9200000, 0x00000000c9200000, 0x00000000c9300000|  0%| F|  |TAMS 0x00000000c9200000, 0x00000000c9200000| Untracked 
| 107|0x00000000c9300000, 0x00000000c9300000, 0x00000000c9400000|  0%| F|  |TAMS 0x00000000c9300000, 0x00000000c9300000| Untracked 
| 108|0x00000000c9400000, 0x00000000c9400000, 0x00000000c9500000|  0%| F|  |TAMS 0x00000000c9400000, 0x00000000c9400000| Untracked 
| 109|0x00000000c9500000, 0x00000000c9500000, 0x00000000c9600000|  0%| F|  |TAMS 0x00000000c9500000, 0x00000000c9500000| Untracked 
| 110|0x00000000c9600000, 0x00000000c9601830, 0x00000000c9700000|  0%| S|CS|TAMS 0x00000000c9600000, 0x00000000c9600000| Complete 
| 111|0x00000000c9700000, 0x00000000c9700000, 0x00000000c9800000|  0%| F|  |TAMS 0x00000000c9700000, 0x00000000c9700000| Untracked 
| 112|0x00000000c9800000, 0x00000000c9800000, 0x00000000c9900000|  0%| F|  |TAMS 0x00000000c9800000, 0x00000000c9800000| Untracked 
| 113|0x00000000c9900000, 0x00000000c99c4c28, 0x00000000c9a00000| 76%| E|  |TAMS 0x00000000c9900000, 0x00000000c9900000| Complete 

Card table byte_map: [0x0000022777be0000,0x0000022777dd0000] _byte_map_base: 0x00000227775cc000

Marking Bits (Prev, Next): (CMBitMap*) 0x000002277793b508, (CMBitMap*) 0x000002277793b540
 Prev Bits: [0x0000022777fc0000, 0x0000022778f20000)
 Next Bits: [0x0000022778f20000, 0x0000022779e80000)

Polling page: 0x00000227770f0000

Metaspace:

Usage:
  Non-class:     17.74 MB capacity,    17.14 MB ( 97%) used,   580.19 KB (  3%) free+waste,    36.31 KB ( <1%) overhead. 
      Class:      1.86 MB capacity,     1.73 MB ( 93%) used,   124.68 KB (  7%) free+waste,    15.69 KB ( <1%) overhead. 
       Both:     19.60 MB capacity,    18.86 MB ( 96%) used,   704.87 KB (  4%) free+waste,    52.00 KB ( <1%) overhead. 

Virtual space:
  Non-class space:       20.00 MB reserved,      18.50 MB ( 93%) committed 
      Class space:        1.00 GB reserved,       2.25 MB ( <1%) committed 
             Both:        1.02 GB reserved,      20.75 MB (  2%) committed 

Chunk freelists:
   Non-Class:  649.00 KB
       Class:  327.00 KB
        Both:  976.00 KB

MaxMetaspaceSize: 17179869184.00 GB
CompressedClassSpaceSize: 1.00 GB
Initial GC threshold: 20.80 MB
Current GC threshold: 34.59 MB
CDS: off

CodeHeap 'non-profiled nmethods': size=120064Kb used=2564Kb max_used=2564Kb free=117499Kb
 bounds [0x0000022710120000, 0x00000227103b0000, 0x0000022717660000]
CodeHeap 'profiled nmethods': size=120000Kb used=6718Kb max_used=6718Kb free=113281Kb
 bounds [0x0000022708bf0000, 0x0000022709280000, 0x0000022710120000]
CodeHeap 'non-nmethods': size=5696Kb used=1414Kb max_used=1457Kb free=4281Kb
 bounds [0x0000022708660000, 0x00000227088d0000, 0x0000022708bf0000]
 total_blobs=3675 nmethods=3035 adapters=560
 compilation: enabled
              stopped_count=0, restarted_count=0
 full_count=0

Compilation events (20 events):
Event: 1203.569 Thread 0x000002277cb83000 nmethod 3074 0x000002270927a710 code [0x000002270927a8c0, 0x000002270927aa88]
Event: 1203.569 Thread 0x000002277cb83000 3075       3       greenfoot.core.ReadOnlyProjectProperties::getImage (17 bytes)
Event: 1203.579 Thread 0x000002277cb83000 nmethod 3075 0x000002270927ab90 code [0x000002270927afc0, 0x000002270927cec8]
Event: 1203.579 Thread 0x000002277cb83000 3076       3       greenfoot.core.ReadOnlyProjectProperties::getString (9 bytes)
Event: 1203.579 Thread 0x000002277cb83000 nmethod 3076 0x000002270927dd10 code [0x000002270927dec0, 0x000002270927e0a8]
Event: 1203.759 Thread 0x000002277cb7f000 nmethod 3063 0x0000022710391c90 code [0x0000022710392340, 0x0000022710399e80]
Event: 1203.759 Thread 0x000002277cb7f000 3067       4       java.lang.Object::equals (11 bytes)
Event: 1203.760 Thread 0x000002277cb7f000 nmethod 3067 0x000002271039ef10 code [0x000002271039f0a0, 0x000002271039f118]
Event: 1203.792 Thread 0x000002277cb7f000 3077   !   4       javazoom.jl.decoder.Bitstream::isSyncCurrentPosition (141 bytes)
Event: 1203.799 Thread 0x000002277cb7f000 nmethod 3077 0x000002271039f210 code [0x000002271039f3e0, 0x000002271039f978]
Event: 1203.799 Thread 0x000002277cb7f000 3078       4       java.io.PushbackInputStream::unread (47 bytes)
Event: 1203.803 Thread 0x000002277cb7f000 nmethod 3078 0x000002271039fe10 code [0x000002271039ffa0, 0x00000227103a0118]
Event: 1203.810 Thread 0x000002277cb7f000 3079       4       javazoom.jl.decoder.Decoder::decodeFrame (53 bytes)
Event: 1203.826 Thread 0x000002277cb7f000 nmethod 3079 0x00000227103a0290 code [0x00000227103a0460, 0x00000227103a0828]
Event: 1203.826 Thread 0x000002277cb7f000 3080       4       javazoom.jl.decoder.Header::calculate_framesize (283 bytes)
Event: 1203.829 Thread 0x000002277cb7f000 nmethod 3080 0x00000227103a0b90 code [0x00000227103a0d40, 0x00000227103a1018]
Event: 1205.325 Thread 0x000002277cb83000 3081   !   3       com.sun.media.sound.AbstractDataLine::setActive (28 bytes)
Event: 1205.326 Thread 0x000002277cb83000 nmethod 3081 0x000002270927e190 code [0x000002270927e340, 0x000002270927e638]
Event: 1205.326 Thread 0x000002277cb83000 3082   !   3       com.sun.media.sound.AbstractDataLine::setStarted (85 bytes)
Event: 1205.328 Thread 0x000002277cb83000 nmethod 3082 0x000002270927e710 code [0x000002270927e980, 0x000002270927f4c8]

GC Heap History (20 events):
Event: 1201.516 GC heap before
{Heap before GC invocations=592 (full 34):
 garbage-first heap   total 116736K, used 57719K [0x00000000c2800000, 0x0000000100000000)
  region size 1024K, 10 young (10240K), 5 survivors (5120K)
 Metaspace       used 19287K, capacity 20061K, committed 21248K, reserved 1069056K
  class space    used 1766K, capacity 1907K, committed 2304K, reserved 1048576K
}
Event: 1201.537 GC heap after
{Heap after GC invocations=593 (full 34):
 garbage-first heap   total 116736K, used 24364K [0x00000000c2800000, 0x0000000100000000)
  region size 1024K, 1 young (1024K), 1 survivors (1024K)
 Metaspace       used 19287K, capacity 20061K, committed 21248K, reserved 1069056K
  class space    used 1766K, capacity 1907K, committed 2304K, reserved 1048576K
}
Event: 1201.965 GC heap before
{Heap before GC invocations=594 (full 34):
 garbage-first heap   total 116736K, used 53036K [0x00000000c2800000, 0x0000000100000000)
  region size 1024K, 4 young (4096K), 1 survivors (1024K)
 Metaspace       used 19287K, capacity 20062K, committed 21248K, reserved 1069056K
  class space    used 1766K, capacity 1907K, committed 2304K, reserved 1048576K
}
Event: 1201.967 GC heap after
{Heap after GC invocations=595 (full 34):
 garbage-first heap   total 116736K, used 24364K [0x00000000c2800000, 0x0000000100000000)
  region size 1024K, 1 young (1024K), 1 survivors (1024K)
 Metaspace       used 19287K, capacity 20062K, committed 21248K, reserved 1069056K
  class space    used 1766K, capacity 1907K, committed 2304K, reserved 1048576K
}
Event: 1202.397 GC heap before
{Heap before GC invocations=596 (full 34):
 garbage-first heap   total 116736K, used 52012K [0x00000000c2800000, 0x0000000100000000)
  region size 1024K, 3 young (3072K), 1 survivors (1024K)
 Metaspace       used 19291K, capacity 20070K, committed 21248K, reserved 1069056K
  class space    used 1766K, capacity 1907K, committed 2304K, reserved 1048576K
}
Event: 1202.398 GC heap after
{Heap after GC invocations=597 (full 34):
 garbage-first heap   total 116736K, used 24360K [0x00000000c2800000, 0x0000000100000000)
  region size 1024K, 1 young (1024K), 1 survivors (1024K)
 Metaspace       used 19291K, capacity 20070K, committed 21248K, reserved 1069056K
  class space    used 1766K, capacity 1907K, committed 2304K, reserved 1048576K
}
Event: 1202.850 GC heap before
{Heap before GC invocations=598 (full 34):
 garbage-first heap   total 116736K, used 52008K [0x00000000c2800000, 0x0000000100000000)
  region size 1024K, 3 young (3072K), 1 survivors (1024K)
 Metaspace       used 19291K, capacity 20070K, committed 21248K, reserved 1069056K
  class space    used 1766K, capacity 1907K, committed 2304K, reserved 1048576K
}
Event: 1202.853 GC heap after
{Heap after GC invocations=599 (full 34):
 garbage-first heap   total 116736K, used 24362K [0x00000000c2800000, 0x0000000100000000)
  region size 1024K, 1 young (1024K), 1 survivors (1024K)
 Metaspace       used 19291K, capacity 20070K, committed 21248K, reserved 1069056K
  class space    used 1766K, capacity 1907K, committed 2304K, reserved 1048576K
}
Event: 1203.309 GC heap before
{Heap before GC invocations=600 (full 34):
 garbage-first heap   total 116736K, used 53034K [0x00000000c2800000, 0x0000000100000000)
  region size 1024K, 5 young (5120K), 1 survivors (1024K)
 Metaspace       used 19313K, capacity 20074K, committed 21248K, reserved 1069056K
  class space    used 1766K, capacity 1907K, committed 2304K, reserved 1048576K
}
Event: 1203.312 GC heap after
{Heap after GC invocations=601 (full 34):
 garbage-first heap   total 116736K, used 26156K [0x00000000c2800000, 0x0000000100000000)
  region size 1024K, 3 young (3072K), 3 survivors (3072K)
 Metaspace       used 19313K, capacity 20074K, committed 21248K, reserved 1069056K
  class space    used 1766K, capacity 1907K, committed 2304K, reserved 1048576K
}
Event: 1203.838 GC heap before
{Heap before GC invocations=602 (full 34):
 garbage-first heap   total 116736K, used 56876K [0x00000000c2800000, 0x0000000100000000)
  region size 1024K, 9 young (9216K), 3 survivors (3072K)
 Metaspace       used 19317K, capacity 20074K, committed 21248K, reserved 1069056K
  class space    used 1766K, capacity 1907K, committed 2304K, reserved 1048576K
}
Event: 1203.840 GC heap after
{Heap after GC invocations=603 (full 34):
 garbage-first heap   total 116736K, used 26097K [0x00000000c2800000, 0x0000000100000000)
  region size 1024K, 3 young (3072K), 3 survivors (3072K)
 Metaspace       used 19317K, capacity 20074K, committed 21248K, reserved 1069056K
  class space    used 1766K, capacity 1907K, committed 2304K, reserved 1048576K
}
Event: 1204.319 GC heap before
{Heap before GC invocations=604 (full 34):
 garbage-first heap   total 116736K, used 52721K [0x00000000c2800000, 0x0000000100000000)
  region size 1024K, 4 young (4096K), 3 survivors (3072K)
 Metaspace       used 19317K, capacity 20074K, committed 21248K, reserved 1069056K
  class space    used 1766K, capacity 1907K, committed 2304K, reserved 1048576K
}
Event: 1204.328 GC heap after
{Heap after GC invocations=605 (full 34):
 garbage-first heap   total 116736K, used 24926K [0x00000000c2800000, 0x0000000100000000)
  region size 1024K, 1 young (1024K), 1 survivors (1024K)
 Metaspace       used 19317K, capacity 20074K, committed 21248K, reserved 1069056K
  class space    used 1766K, capacity 1907K, committed 2304K, reserved 1048576K
}
Event: 1204.756 GC heap before
{Heap before GC invocations=606 (full 34):
 garbage-first heap   total 116736K, used 51550K [0x00000000c2800000, 0x0000000100000000)
  region size 1024K, 2 young (2048K), 1 survivors (1024K)
 Metaspace       used 19317K, capacity 20074K, committed 21248K, reserved 1069056K
  class space    used 1766K, capacity 1907K, committed 2304K, reserved 1048576K
}
Event: 1204.761 GC heap after
{Heap after GC invocations=607 (full 34):
 garbage-first heap   total 116736K, used 24927K [0x00000000c2800000, 0x0000000100000000)
  region size 1024K, 1 young (1024K), 1 survivors (1024K)
 Metaspace       used 19317K, capacity 20074K, committed 21248K, reserved 1069056K
  class space    used 1766K, capacity 1907K, committed 2304K, reserved 1048576K
}
Event: 1205.182 GC heap before
{Heap before GC invocations=608 (full 34):
 garbage-first heap   total 116736K, used 51551K [0x00000000c2800000, 0x0000000100000000)
  region size 1024K, 2 young (2048K), 1 survivors (1024K)
 Metaspace       used 19317K, capacity 20074K, committed 21248K, reserved 1069056K
  class space    used 1766K, capacity 1907K, committed 2304K, reserved 1048576K
}
Event: 1205.183 GC heap after
{Heap after GC invocations=609 (full 34):
 garbage-first heap   total 116736K, used 24926K [0x00000000c2800000, 0x0000000100000000)
  region size 1024K, 1 young (1024K), 1 survivors (1024K)
 Metaspace       used 19317K, capacity 20074K, committed 21248K, reserved 1069056K
  class space    used 1766K, capacity 1907K, committed 2304K, reserved 1048576K
}
Event: 1205.615 GC heap before
{Heap before GC invocations=610 (full 34):
 garbage-first heap   total 116736K, used 52574K [0x00000000c2800000, 0x0000000100000000)
  region size 1024K, 3 young (3072K), 1 survivors (1024K)
 Metaspace       used 19317K, capacity 20074K, committed 21248K, reserved 1069056K
  class space    used 1766K, capacity 1907K, committed 2304K, reserved 1048576K
}
Event: 1205.617 GC heap after
{Heap after GC invocations=611 (full 34):
 garbage-first heap   total 116736K, used 24616K [0x00000000c2800000, 0x0000000100000000)
  region size 1024K, 1 young (1024K), 1 survivors (1024K)
 Metaspace       used 19317K, capacity 20074K, committed 21248K, reserved 1069056K
  class space    used 1766K, capacity 1907K, committed 2304K, reserved 1048576K
}

Deoptimization events (20 events):
Event: 1204.765 Thread 0x000002271dd5a000 DEOPT PACKING pc=0x00000227090b64dc sp=0x0000002b815feb70
Event: 1204.765 Thread 0x000002271dd5a000 DEOPT UNPACKING pc=0x00000227086aa95e sp=0x0000002b815fe060 mode 1
Event: 1204.765 Thread 0x000002271dd5a000 DEOPT PACKING pc=0x00000227103912a0 sp=0x0000002b815fec30
Event: 1204.765 Thread 0x000002271dd5a000 DEOPT UNPACKING pc=0x00000227086aa95e sp=0x0000002b815fdff8 mode 1
Event: 1204.811 Thread 0x000002277eb65000 DEOPT PACKING pc=0x000002270901e439 sp=0x0000002b816feb70
Event: 1204.811 Thread 0x000002277eb65000 DEOPT UNPACKING pc=0x00000227086aa95e sp=0x0000002b816fe040 mode 1
Event: 1204.811 Thread 0x000002277eb65000 DEOPT PACKING pc=0x00000227090b64dc sp=0x0000002b816fec00
Event: 1204.811 Thread 0x000002277eb65000 DEOPT UNPACKING pc=0x00000227086aa95e sp=0x0000002b816fe0f0 mode 1
Event: 1204.811 Thread 0x000002277eb65000 DEOPT PACKING pc=0x00000227103912a0 sp=0x0000002b816fecc0
Event: 1204.811 Thread 0x000002277eb65000 DEOPT UNPACKING pc=0x00000227086aa95e sp=0x0000002b816fe088 mode 1
Event: 1204.832 Thread 0x000002277eb6c800 DEOPT PACKING pc=0x000002270901e439 sp=0x0000002b817fed20
Event: 1204.832 Thread 0x000002277eb6c800 DEOPT UNPACKING pc=0x00000227086aa95e sp=0x0000002b817fe1f0 mode 1
Event: 1204.832 Thread 0x000002277eb6c800 DEOPT PACKING pc=0x00000227090b64dc sp=0x0000002b817fedb0
Event: 1204.832 Thread 0x000002277eb6c800 DEOPT UNPACKING pc=0x00000227086aa95e sp=0x0000002b817fe2a0 mode 1
Event: 1204.832 Thread 0x000002277eb6c800 DEOPT PACKING pc=0x00000227103912a0 sp=0x0000002b817fee70
Event: 1204.832 Thread 0x000002277eb6c800 DEOPT UNPACKING pc=0x00000227086aa95e sp=0x0000002b817fe238 mode 1
Event: 1205.695 Thread 0x000002277e7df800 DEOPT PACKING pc=0x00000227103754ac sp=0x0000002bfecfef00
Event: 1205.695 Thread 0x000002277e7df800 DEOPT UNPACKING pc=0x00000227086aa95e sp=0x0000002bfecfe380 mode 1
Event: 1205.696 Thread 0x000002277e7df800 DEOPT PACKING pc=0x0000022710382978 sp=0x0000002bfecfef30
Event: 1205.696 Thread 0x000002277e7df800 DEOPT UNPACKING pc=0x00000227086aa95e sp=0x0000002bfecfe2e8 mode 1

Classes redefined (0 events):
No events

Internal exceptions (20 events):
Event: 499.118 Thread 0x000002277e7dd800 Exception <a 'java/security/PrivilegedActionException'{0x00000000c520f598}> (0x00000000c520f598) thrown at [./src/hotspot/share/prims/jvm.cpp, line 1306]
Event: 501.137 Thread 0x000002277e7df800 Implicit null exception at 0x00000227102e0ed0 to 0x00000227102e1d8c
Event: 510.195 Thread 0x000002277e7df800 Exception <a 'java/lang/InterruptedException'{0x00000000c8600828}: sleep interrupted> (0x00000000c8600828) thrown at [./src/hotspot/share/prims/jvm.cpp, line 3125]
Event: 536.109 Thread 0x000002277e7dd800 Exception <a 'java/security/PrivilegedActionException'{0x00000000c59bda28}> (0x00000000c59bda28) thrown at [./src/hotspot/share/prims/jvm.cpp, line 1306]
Event: 536.110 Thread 0x000002277e7dd800 Exception <a 'java/security/PrivilegedActionException'{0x00000000c59bdf78}> (0x00000000c59bdf78) thrown at [./src/hotspot/share/prims/jvm.cpp, line 1306]
Event: 543.778 Thread 0x000002277e7df800 Exception <a 'java/lang/InterruptedException'{0x00000000c8d94d98}: sleep interrupted> (0x00000000c8d94d98) thrown at [./src/hotspot/share/prims/jvm.cpp, line 3125]
Event: 750.726 Thread 0x000002277e7dd800 Exception <a 'java/security/PrivilegedActionException'{0x00000000c5da15d0}> (0x00000000c5da15d0) thrown at [./src/hotspot/share/prims/jvm.cpp, line 1306]
Event: 750.726 Thread 0x000002277e7dd800 Exception <a 'java/security/PrivilegedActionException'{0x00000000c5da18a0}> (0x00000000c5da18a0) thrown at [./src/hotspot/share/prims/jvm.cpp, line 1306]
Event: 763.142 Thread 0x000002277e7df800 Exception <a 'java/lang/InterruptedException'{0x00000000c9788688}: sleep interrupted> (0x00000000c9788688) thrown at [./src/hotspot/share/prims/jvm.cpp, line 3125]
Event: 845.778 Thread 0x000002277e7dd800 Exception <a 'java/security/PrivilegedActionException'{0x00000000c6139c98}> (0x00000000c6139c98) thrown at [./src/hotspot/share/prims/jvm.cpp, line 1306]
Event: 845.778 Thread 0x000002277e7dd800 Exception <a 'java/security/PrivilegedActionException'{0x00000000c6139f68}> (0x00000000c6139f68) thrown at [./src/hotspot/share/prims/jvm.cpp, line 1306]
Event: 939.081 Thread 0x000002277e7dd800 Exception <a 'java/security/PrivilegedActionException'{0x00000000c6145d58}> (0x00000000c6145d58) thrown at [./src/hotspot/share/prims/jvm.cpp, line 1306]
Event: 939.082 Thread 0x000002277e7dd800 Exception <a 'java/security/PrivilegedActionException'{0x00000000c6146028}> (0x00000000c6146028) thrown at [./src/hotspot/share/prims/jvm.cpp, line 1306]
Event: 947.727 Thread 0x000002277e7df800 Exception <a 'java/lang/InterruptedException'{0x00000000c844db68}: sleep interrupted> (0x00000000c844db68) thrown at [./src/hotspot/share/prims/jvm.cpp, line 3125]
Event: 1142.797 Thread 0x000002277e7dd800 Exception <a 'java/security/PrivilegedActionException'{0x00000000c60029d8}> (0x00000000c60029d8) thrown at [./src/hotspot/share/prims/jvm.cpp, line 1306]
Event: 1142.797 Thread 0x000002277e7dd800 Exception <a 'java/security/PrivilegedActionException'{0x00000000c6002ca8}> (0x00000000c6002ca8) thrown at [./src/hotspot/share/prims/jvm.cpp, line 1306]
Event: 1150.602 Thread 0x000002277e7df800 Implicit null exception at 0x00000227102d469e to 0x00000227102d96d4
Event: 1188.617 Thread 0x000002277e7dd800 Exception <a 'java/security/PrivilegedActionException'{0x00000000c66064c8}> (0x00000000c66064c8) thrown at [./src/hotspot/share/prims/jvm.cpp, line 1306]
Event: 1188.619 Thread 0x000002277e7dd800 Exception <a 'java/security/PrivilegedActionException'{0x00000000c6606798}> (0x00000000c6606798) thrown at [./src/hotspot/share/prims/jvm.cpp, line 1306]
Event: 1205.695 Thread 0x000002277e7df800 Exception <a 'java/lang/InterruptedException'{0x00000000c9980188}: sleep interrupted> (0x00000000c9980188) thrown at [./src/hotspot/share/prims/jvm.cpp, line 3125]

Events (20 events):
Event: 1204.781 Executing VM operation: CGC_Operation
Event: 1204.792 Executing VM operation: CGC_Operation done
Event: 1204.797 Executing VM operation: CGC_Operation
Event: 1204.797 Executing VM operation: CGC_Operation done
Event: 1205.182 Executing VM operation: G1CollectForAllocation
Event: 1205.183 Executing VM operation: G1CollectForAllocation done
Event: 1205.199 Executing VM operation: CGC_Operation
Event: 1205.210 Executing VM operation: CGC_Operation done
Event: 1205.217 Executing VM operation: CGC_Operation
Event: 1205.217 Executing VM operation: CGC_Operation done
Event: 1205.526 Executing VM operation: RevokeBias
Event: 1205.526 Executing VM operation: RevokeBias done
Event: 1205.526 Thread 0x000002277eb61000 Thread exited: 0x000002277eb61000
Event: 1205.614 Executing VM operation: G1CollectForAllocation
Event: 1205.617 Executing VM operation: G1CollectForAllocation done
Event: 1205.636 Executing VM operation: CGC_Operation
Event: 1205.643 Executing VM operation: CGC_Operation done
Event: 1205.648 Executing VM operation: CGC_Operation
Event: 1205.648 Executing VM operation: CGC_Operation done
Event: 1205.697 Executing VM operation: G1CollectFull


Dynamic libraries:
0x00007ff72c580000 - 0x00007ff72c58d000 	C:\Program Files\Greenfoot\jdk\bin\java.exe
0x00007fff92490000 - 0x00007fff92687000 	C:\Windows\SYSTEM32\ntdll.dll
0x00007fff90c70000 - 0x00007fff90d2d000 	C:\Windows\System32\KERNEL32.DLL
0x00007fff90030000 - 0x00007fff902fd000 	C:\Windows\System32\KERNELBASE.dll
0x00007fff8fc80000 - 0x00007fff8fd80000 	C:\Windows\System32\ucrtbase.dll
0x00007fff8b290000 - 0x00007fff8b2a5000 	C:\Program Files\Greenfoot\jdk\bin\VCRUNTIME140.dll
0x00007fff8a990000 - 0x00007fff8a9a7000 	C:\Program Files\Greenfoot\jdk\bin\jli.dll
0x00007fff91f00000 - 0x00007fff920a0000 	C:\Windows\System32\USER32.dll
0x00007fff90000000 - 0x00007fff90022000 	C:\Windows\System32\win32u.dll
0x00007fff90c40000 - 0x00007fff90c6a000 	C:\Windows\System32\GDI32.dll
0x00007fff77b40000 - 0x00007fff77dda000 	C:\Windows\WinSxS\amd64_microsoft.windows.common-controls_6595b64144ccf1df_6.0.19041.1110_none_60b5254171f9507e\COMCTL32.dll
0x00007fff90300000 - 0x00007fff9040b000 	C:\Windows\System32\gdi32full.dll
0x00007fff90f80000 - 0x00007fff9101e000 	C:\Windows\System32\msvcrt.dll
0x00007fff8fbe0000 - 0x00007fff8fc7d000 	C:\Windows\System32\msvcp_win.dll
0x00007fff91210000 - 0x00007fff91240000 	C:\Windows\System32\IMM32.DLL
0x00007fff66770000 - 0x00007fff6680b000 	C:\Program Files\Greenfoot\jdk\bin\msvcp140.dll
0x00007fff3fac0000 - 0x00007fff40641000 	C:\Program Files\Greenfoot\jdk\bin\server\jvm.dll
0x00007fff920a0000 - 0x00007fff9214e000 	C:\Windows\System32\ADVAPI32.dll
0x00007fff90d30000 - 0x00007fff90dcc000 	C:\Windows\System32\sechost.dll
0x00007fff90e50000 - 0x00007fff90f75000 	C:\Windows\System32\RPCRT4.dll
0x00007fff91850000 - 0x00007fff91858000 	C:\Windows\System32\PSAPI.DLL
0x00007fff884e0000 - 0x00007fff884ea000 	C:\Windows\SYSTEM32\VERSION.dll
0x00007fff78320000 - 0x00007fff78329000 	C:\Windows\SYSTEM32\WSOCK32.dll
0x00007fff915a0000 - 0x00007fff9160b000 	C:\Windows\System32\WS2_32.dll
0x00007fff79b40000 - 0x00007fff79b67000 	C:\Windows\SYSTEM32\WINMM.dll
0x00007fff8dab0000 - 0x00007fff8dac2000 	C:\Windows\SYSTEM32\kernel.appcore.dll
0x00007fff8a860000 - 0x00007fff8a870000 	C:\Program Files\Greenfoot\jdk\bin\verify.dll
0x00007fff87f90000 - 0x00007fff88174000 	C:\Windows\SYSTEM32\DBGHELP.DLL
0x00007fff79920000 - 0x00007fff7994c000 	C:\Windows\SYSTEM32\dbgcore.DLL
0x00007fff90410000 - 0x00007fff90492000 	C:\Windows\System32\bcryptPrimitives.dll
0x00007fff8a510000 - 0x00007fff8a538000 	C:\Program Files\Greenfoot\jdk\bin\java.dll
0x00007fff8a7e0000 - 0x00007fff8a7ea000 	C:\Program Files\Greenfoot\jdk\bin\jimage.dll
0x00007fff71fe0000 - 0x00007fff72018000 	C:\Program Files\Greenfoot\jdk\bin\jdwp.dll
0x00007fff8a490000 - 0x00007fff8a4a8000 	C:\Program Files\Greenfoot\jdk\bin\zip.dll
0x00007fff904f0000 - 0x00007fff90c34000 	C:\Windows\System32\SHELL32.dll
0x00007fff8dcb0000 - 0x00007fff8e444000 	C:\Windows\SYSTEM32\windows.storage.dll
0x00007fff91240000 - 0x00007fff91594000 	C:\Windows\System32\combase.dll
0x00007fff8f540000 - 0x00007fff8f56c000 	C:\Windows\SYSTEM32\Wldp.dll
0x00007fff91020000 - 0x00007fff910cd000 	C:\Windows\System32\SHCORE.dll
0x00007fff923f0000 - 0x00007fff92445000 	C:\Windows\System32\shlwapi.dll
0x00007fff8faf0000 - 0x00007fff8fb0f000 	C:\Windows\SYSTEM32\profapi.dll
0x00007fff89bf0000 - 0x00007fff89bfb000 	C:\Program Files\Greenfoot\jdk\bin\dt_shmem.dll
0x00007fff89a70000 - 0x00007fff89a89000 	C:\Program Files\Greenfoot\jdk\bin\net.dll
0x00007fff7de70000 - 0x00007fff7df7a000 	C:\Windows\SYSTEM32\WINHTTP.dll
0x00007fff8f2a0000 - 0x00007fff8f30a000 	C:\Windows\system32\mswsock.dll
0x00007fff89a50000 - 0x00007fff89a63000 	C:\Program Files\Greenfoot\jdk\bin\nio.dll
0x00007fff49b20000 - 0x00007fff49cb9000 	C:\Program Files\Greenfoot\jdk\bin\awt.dll
0x00007fff92320000 - 0x00007fff923ed000 	C:\Windows\System32\OLEAUT32.dll
0x00007fff8d3f0000 - 0x00007fff8d480000 	C:\Windows\SYSTEM32\apphelp.dll
0x00007fff8d5d0000 - 0x00007fff8d66e000 	C:\Windows\system32\uxtheme.dll
0x00007fff92200000 - 0x00007fff92315000 	C:\Windows\System32\MSCTF.dll
0x00007fff91610000 - 0x00007fff9173a000 	C:\Windows\System32\ole32.dll
0x00007fff8d7c0000 - 0x00007fff8d7ef000 	C:\Windows\system32\DWMAPI.DLL
0x00007fff499f0000 - 0x00007fff49b16000 	C:\Windows\system32\opengl32.dll
0x00007fff7cff0000 - 0x00007fff7d01c000 	C:\Windows\SYSTEM32\GLU32.dll
0x00007fff8f490000 - 0x00007fff8f4a8000 	C:\Windows\SYSTEM32\CRYPTSP.dll
0x00007fff8ec20000 - 0x00007fff8ec54000 	C:\Windows\system32\rsaenh.dll
0x00007fff8fbb0000 - 0x00007fff8fbd7000 	C:\Windows\System32\bcrypt.dll
0x00007fff8fa70000 - 0x00007fff8fa9e000 	C:\Windows\SYSTEM32\USERENV.dll
0x00007fff8f4b0000 - 0x00007fff8f4bc000 	C:\Windows\SYSTEM32\CRYPTBASE.dll
0x00007fff8ef90000 - 0x00007fff8efcb000 	C:\Windows\SYSTEM32\IPHLPAPI.DLL
0x00007fff91ef0000 - 0x00007fff91ef8000 	C:\Windows\System32\NSI.dll
0x00007fff85de0000 - 0x00007fff85df7000 	C:\Windows\SYSTEM32\dhcpcsvc6.DLL
0x00007fff85c30000 - 0x00007fff85c4d000 	C:\Windows\SYSTEM32\dhcpcsvc.DLL
0x00007fff8efd0000 - 0x00007fff8f09b000 	C:\Windows\SYSTEM32\DNSAPI.dll
0x00000227778d0000 - 0x00000227778d3000 	C:\Program Files\Greenfoot\lib\javafx\bin\api-ms-win-core-console-l1-1-0.dll
0x00000227778e0000 - 0x00000227778e3000 	C:\Program Files\Greenfoot\lib\javafx\bin\api-ms-win-core-console-l1-2-0.dll
0x000002277daf0000 - 0x000002277daf3000 	C:\Program Files\Greenfoot\lib\javafx\bin\api-ms-win-core-datetime-l1-1-0.dll
0x000002277db00000 - 0x000002277db03000 	C:\Program Files\Greenfoot\lib\javafx\bin\api-ms-win-core-debug-l1-1-0.dll
0x000002277db10000 - 0x000002277db13000 	C:\Program Files\Greenfoot\lib\javafx\bin\api-ms-win-core-errorhandling-l1-1-0.dll
0x000002277db20000 - 0x000002277db24000 	C:\Program Files\Greenfoot\lib\javafx\bin\api-ms-win-core-file-l1-1-0.dll
0x000002277db30000 - 0x000002277db33000 	C:\Program Files\Greenfoot\lib\javafx\bin\api-ms-win-core-file-l1-2-0.dll
0x000002277db40000 - 0x000002277db43000 	C:\Program Files\Greenfoot\lib\javafx\bin\api-ms-win-core-file-l2-1-0.dll
0x000002277db50000 - 0x000002277db53000 	C:\Program Files\Greenfoot\lib\javafx\bin\api-ms-win-core-handle-l1-1-0.dll
0x000002277db60000 - 0x000002277db63000 	C:\Program Files\Greenfoot\lib\javafx\bin\api-ms-win-core-heap-l1-1-0.dll
0x000002277db70000 - 0x000002277db73000 	C:\Program Files\Greenfoot\lib\javafx\bin\api-ms-win-core-interlocked-l1-1-0.dll
0x000002277db80000 - 0x000002277db83000 	C:\Program Files\Greenfoot\lib\javafx\bin\api-ms-win-core-libraryloader-l1-1-0.dll
0x000002277db90000 - 0x000002277db93000 	C:\Program Files\Greenfoot\lib\javafx\bin\api-ms-win-core-localization-l1-2-0.dll
0x000002277dba0000 - 0x000002277dba3000 	C:\Program Files\Greenfoot\lib\javafx\bin\api-ms-win-core-memory-l1-1-0.dll
0x000002277dbb0000 - 0x000002277dbb3000 	C:\Program Files\Greenfoot\lib\javafx\bin\api-ms-win-core-namedpipe-l1-1-0.dll
0x000002277dbc0000 - 0x000002277dbc3000 	C:\Program Files\Greenfoot\lib\javafx\bin\api-ms-win-core-processenvironment-l1-1-0.dll
0x000002277f5f0000 - 0x000002277f5f3000 	C:\Program Files\Greenfoot\lib\javafx\bin\api-ms-win-core-processthreads-l1-1-0.dll
0x000002277f600000 - 0x000002277f603000 	C:\Program Files\Greenfoot\lib\javafx\bin\api-ms-win-core-processthreads-l1-1-1.dll
0x000002277f610000 - 0x000002277f613000 	C:\Program Files\Greenfoot\lib\javafx\bin\api-ms-win-core-profile-l1-1-0.dll
0x000002277f620000 - 0x000002277f623000 	C:\Program Files\Greenfoot\lib\javafx\bin\api-ms-win-core-rtlsupport-l1-1-0.dll
0x000002277f630000 - 0x000002277f633000 	C:\Program Files\Greenfoot\lib\javafx\bin\api-ms-win-core-string-l1-1-0.dll
0x000002277f640000 - 0x000002277f643000 	C:\Program Files\Greenfoot\lib\javafx\bin\api-ms-win-core-synch-l1-1-0.dll
0x000002277f650000 - 0x000002277f653000 	C:\Program Files\Greenfoot\lib\javafx\bin\api-ms-win-core-synch-l1-2-0.dll
0x000002277f660000 - 0x000002277f663000 	C:\Program Files\Greenfoot\lib\javafx\bin\api-ms-win-core-sysinfo-l1-1-0.dll
0x000002277f670000 - 0x000002277f673000 	C:\Program Files\Greenfoot\lib\javafx\bin\api-ms-win-core-timezone-l1-1-0.dll
0x000002277f680000 - 0x000002277f683000 	C:\Program Files\Greenfoot\lib\javafx\bin\api-ms-win-core-util-l1-1-0.dll
0x000002277f690000 - 0x000002277f693000 	C:\Program Files\Greenfoot\lib\javafx\bin\api-ms-win-crt-conio-l1-1-0.dll
0x000002277f6a0000 - 0x000002277f6a4000 	C:\Program Files\Greenfoot\lib\javafx\bin\api-ms-win-crt-convert-l1-1-0.dll
0x000002277f6b0000 - 0x000002277f6b3000 	C:\Program Files\Greenfoot\lib\javafx\bin\api-ms-win-crt-environment-l1-1-0.dll
0x000002277f6c0000 - 0x000002277f6c3000 	C:\Program Files\Greenfoot\lib\javafx\bin\api-ms-win-crt-filesystem-l1-1-0.dll
0x000002277f6d0000 - 0x000002277f6d3000 	C:\Program Files\Greenfoot\lib\javafx\bin\api-ms-win-crt-heap-l1-1-0.dll
0x000002277f6e0000 - 0x000002277f6e3000 	C:\Program Files\Greenfoot\lib\javafx\bin\api-ms-win-crt-locale-l1-1-0.dll
0x000002277f6f0000 - 0x000002277f6f5000 	C:\Program Files\Greenfoot\lib\javafx\bin\api-ms-win-crt-math-l1-1-0.dll
0x000002277f700000 - 0x000002277f705000 	C:\Program Files\Greenfoot\lib\javafx\bin\api-ms-win-crt-multibyte-l1-1-0.dll
0x000002277f710000 - 0x000002277f720000 	C:\Program Files\Greenfoot\lib\javafx\bin\api-ms-win-crt-private-l1-1-0.dll
0x000002277f720000 - 0x000002277f723000 	C:\Program Files\Greenfoot\lib\javafx\bin\api-ms-win-crt-process-l1-1-0.dll
0x000002277f730000 - 0x000002277f734000 	C:\Program Files\Greenfoot\lib\javafx\bin\api-ms-win-crt-runtime-l1-1-0.dll
0x000002277f740000 - 0x000002277f744000 	C:\Program Files\Greenfoot\lib\javafx\bin\api-ms-win-crt-stdio-l1-1-0.dll
0x000002277f750000 - 0x000002277f754000 	C:\Program Files\Greenfoot\lib\javafx\bin\api-ms-win-crt-string-l1-1-0.dll
0x000002277f760000 - 0x000002277f763000 	C:\Program Files\Greenfoot\lib\javafx\bin\api-ms-win-crt-time-l1-1-0.dll
0x000002277f770000 - 0x000002277f773000 	C:\Program Files\Greenfoot\lib\javafx\bin\api-ms-win-crt-utility-l1-1-0.dll
0x00007fff54670000 - 0x00007fff5476c000 	C:\Program Files\Greenfoot\lib\javafx\bin\ucrtbase.dll
0x00007fff89030000 - 0x00007fff89045000 	C:\Program Files\Greenfoot\lib\javafx\bin\vcruntime140.dll
0x00007fff8b6e0000 - 0x00007fff8b6ec000 	C:\Windows\System32\vcruntime140_1.dll
0x00007fff5f010000 - 0x00007fff5f0ab000 	C:\Program Files\Greenfoot\lib\javafx\bin\msvcp140.dll
0x00007fff88960000 - 0x00007fff88983000 	C:\Program Files\Greenfoot\lib\javafx\bin\prism_d3d.dll
0x00007fff56ee0000 - 0x00007fff570af000 	C:\Windows\system32\d3d9.dll
0x00007fff59b50000 - 0x00007fff59cb5000 	C:\Windows\System32\DriverStore\FileRepository\iigd_dch.inf_amd64_4b31d9b38e2bb506\igdumdim64.dll
0x00007fff448e0000 - 0x00007fff4856b000 	C:\Windows\System32\DriverStore\FileRepository\iigd_dch.inf_amd64_4b31d9b38e2bb506\igd9dxva64.dll
0x00007fff91860000 - 0x00007fff91ccf000 	C:\Windows\System32\SETUPAPI.dll
0x00007fff904a0000 - 0x00007fff904ee000 	C:\Windows\System32\cfgmgr32.dll
0x00007fff84dd0000 - 0x00007fff85106000 	C:\Windows\System32\DriverStore\FileRepository\iigd_dch.inf_amd64_4b31d9b38e2bb506\igdgmm64.dll
0x00007fff88840000 - 0x00007fff88885000 	C:\Program Files\Greenfoot\lib\javafx\bin\glass.dll
0x00007fff910d0000 - 0x00007fff911ab000 	C:\Windows\System32\COMDLG32.dll
0x00007fff809d0000 - 0x00007fff809f7000 	C:\Windows\System32\DriverStore\FileRepository\iigd_dch.inf_amd64_4b31d9b38e2bb506\igdinfo64.dll
0x00007fff82040000 - 0x00007fff84dcf000 	C:\Windows\System32\DriverStore\FileRepository\iigd_dch.inf_amd64_4b31d9b38e2bb506\igc64.dll
0x00007fff875e0000 - 0x00007fff8761b000 	C:\Windows\SYSTEM32\dxcore.dll
0x00007fff889b0000 - 0x00007fff889c1000 	C:\Program Files\Greenfoot\jdk\bin\jsound.dll
0x00007fff59f90000 - 0x00007fff5a02c000 	C:\Windows\SYSTEM32\DSOUND.dll
0x00007fff8fa20000 - 0x00007fff8fa6b000 	C:\Windows\SYSTEM32\powrprof.dll
0x00007fff78890000 - 0x00007fff788b6000 	C:\Windows\SYSTEM32\winmmbase.dll
0x00007fff8fa00000 - 0x00007fff8fa12000 	C:\Windows\SYSTEM32\UMPDC.dll
0x00007fff92150000 - 0x00007fff921f9000 	C:\Windows\System32\clbcatq.dll

dbghelp: loaded successfully - version: 4.0.5 - missing functions: none
symbol engine: initialized successfully - sym options: 0x614 - pdb path: .;C:\Program Files\Greenfoot\jdk\bin;C:\Windows\SYSTEM32;C:\Windows\WinSxS\amd64_microsoft.windows.common-controls_6595b64144ccf1df_6.0.19041.1110_none_60b5254171f9507e;C:\Program Files\Greenfoot\jdk\bin\server;C:\Program Files\Greenfoot\lib\javafx\bin;C:\Windows\System32\DriverStore\FileRepository\iigd_dch.inf_amd64_4b31d9b38e2bb506

VM Arguments:
jvm_args: -XX:MaxGCPauseMillis=50 -agentlib:jdwp=transport=dt_shmem,address=javadebug -Dfile.encoding=UTF-8 
java_command: bluej.runtime.ExecServer UTF-8
java_class_path (initial): C:\Program Files\Greenfoot\lib\greenfoot.jar;C:\Program Files\Greenfoot\lib\bluejcore.jar;C:\Program Files\Greenfoot\lib\bluejeditor.jar;C:\Program Files\Greenfoot\lib\bluejext2.jar;C:\Program Files\Greenfoot\lib\junit-jupiter-5.5.2.jar;C:\Program Files\Greenfoot\lib\junit-jupiter-api-5.5.2.jar;C:\Program Files\Greenfoot\lib\junit-jupiter-engine-5.5.2.jar;C:\Program Files\Greenfoot\lib\junit-jupiter-migrationsupport-5.5.2.jar;C:\Program Files\Greenfoot\lib\junit-jupiter-params-5.5.2.jar;C:\Program Files\Greenfoot\lib\junit-platform-commons-1.5.2.jar;C:\Program Files\Greenfoot\lib\junit-platform-console-1.5.2.jar;C:\Program Files\Greenfoot\lib\junit-platform-console-standalone-1.5.2.jar;C:\Program Files\Greenfoot\lib\junit-platform-engine-1.5.2.jar;C:\Program Files\Greenfoot\lib\junit-platform-launcher-1.5.2.jar;C:\Program Files\Greenfoot\lib\junit-platform-reporting-1.5.2.jar;C:\Program Files\Greenfoot\lib\junit-platform-runner-1.5.2.jar;C:\Program Files\Greenfoot\lib\junit-platform-suite-api-1.5.2.jar;C:\Program Files\Greenfoot\lib\junit-platform-testkit-1.5.2.jar;C:\Program Files\Greenfoot\lib\junit-quickcheck-core-0.9.jar;C:\Program Files\Greenfoot\lib\junit-vintage-engine-5.5.2.jar;C:\Program Files\Greenfoot\lib\hamcrest-core-1.3.jar;C:\Program Files\Greenfoot\lib\bluej.jar;C:\Program Files\Greenfoot\lib\classgraph-4.8.90.jar;C:\Program Files\Greenfoot\lib\diffutils-1.2.1.jar;C:\Program Files\Greenfoot\lib\commons-logging-api-1.1.2.jar;C:\Program Files\Greenfoot\lib\jl1.0.1.jar;C:\Program Files\Greenfoot\lib\opencsv-2.3.jar;C:\Program Files\Greenfoot\lib\xom-1.3.7.jar;C:\Program Files\Greenfoot\lib\lang-stride.jar;C:\Program Files\Greenfoot\lib\nsmenufx-2.1.8.jar;C:\Program Files\Greenfoot\lib\wellbehavedfx-0.3.3.jar;C:\Program Files\Greenfoot\lib\guava-17.0.jar;C:\Program Files\Greenfoot\lib\httpclient-4.1.1.jar;C:\Program Files\Greenfoot\lib\httpcore-4.1.jar;C:\Program Files\Greenfoot\lib\httpmime-4.1.1.jar;C:\Program Files\Greenfo
Launcher Type: SUN_STANDARD

[Global flags]
     intx CICompilerCount                          = 3                                         {product} {ergonomic}
     uint ConcGCThreads                            = 1                                         {product} {ergonomic}
     uint G1ConcRefinementThreads                  = 4                                         {product} {ergonomic}
   size_t G1HeapRegionSize                         = 1048576                                   {product} {ergonomic}
    uintx GCDrainStackTargetSize                   = 64                                        {product} {ergonomic}
   size_t InitialHeapSize                          = 65011712                                  {product} {ergonomic}
   size_t MarkStackSize                            = 4194304                                   {product} {ergonomic}
    uintx MaxGCPauseMillis                         = 50                                        {product} {command line}
   size_t MaxHeapSize                              = 1031798784                                {product} {ergonomic}
   size_t MaxNewSize                               = 618659840                                 {product} {ergonomic}
   size_t MinHeapDeltaBytes                        = 1048576                                   {product} {ergonomic}
    uintx NonNMethodCodeHeapSize                   = 5830732                                {pd product} {ergonomic}
    uintx NonProfiledCodeHeapSize                  = 122913754                              {pd product} {ergonomic}
    uintx ProfiledCodeHeapSize                     = 122913754                              {pd product} {ergonomic}
    uintx ReservedCodeCacheSize                    = 251658240                              {pd product} {ergonomic}
     bool SegmentedCodeCache                       = true                                      {product} {ergonomic}
     bool UseCompressedClassPointers               = true                                 {lp64_product} {ergonomic}
     bool UseCompressedOops                        = true                                 {lp64_product} {ergonomic}
     bool UseG1GC                                  = true                                      {product} {ergonomic}
     bool UseLargePagesIndividualAllocation        = false                                  {pd product} {ergonomic}

Logging:
Log output configuration:
 #0: stdout all=warning uptime,level,tags
 #1: stderr all=off uptime,level,tags

Environment Variables:
PATH=C:\Program Files\Common Files\Oracle\Java\javapath;C:\Program Files (x86)\Common Files\Oracle\Java\javapath;C:\Windows\system32;C:\Windows;C:\Windows\System32\Wbem;C:\Windows\System32\WindowsPowerShell\v1.0\;C:\Windows\System32\OpenSSH\;C:\Program Files\Git\cmd;C:\Users\Lenovo\AppData\Roaming\nvm;C:\Program Files\nodejs;C:\Users\Lenovo\AppData\Local\Microsoft\WindowsApps;C:\Users\Lenovo\AppData\Local\Programs\Microsoft VS Code\bin;C:\Program Files (x86)\Dev-Cpp\MinGW64\bin;C:\Users\Lenovo\AppData\Roaming\npm;C:\Users\Lenovo\AppData\Roaming\nvm;C:\Program Files\nodejs;C:\Users\Lenovo\AppData\Local\GitHubDesktop\bin
USERNAME=Lenovo
OS=Windows_NT
PROCESSOR_IDENTIFIER=Intel64 Family 6 Model 142 Stepping 12, GenuineIntel



---------------  S Y S T E M  ---------------

OS: Windows 10 , 64 bit Build 19041 (10.0.19041.1741)
OS uptime: 18 days 6:54 hours

CPU:total 4 (initial active 4) (2 cores per cpu, 2 threads per core) family 6 model 142 stepping 12 microcode 0xec, cmov, cx8, fxsr, mmx, sse, sse2, sse3, ssse3, sse4.1, sse4.2, popcnt, avx, avx2, aes, clmul, erms, 3dnowpref, lzcnt, ht, tsc, tscinvbit, bmi1, bmi2, adx, fma

Memory: 4k page, system-wide physical 3930M (335M free)
TotalPageFile size 16218M (AvailPageFile size 5M)
current process WorkingSet (physical memory assigned to process): 135M, peak: 306M
current process commit charge ("private bytes"): 290M, peak: 421M

vm_info: OpenJDK 64-Bit Server VM (11.0.14.1+1) for windows-amd64 JRE (11.0.14.1+1), built on Feb  9 2022 01:48:27 by "" with unknown MS VC++:1916

END.
